-------------------------------------------------------------------------------
Test set: kr.or.ddit.gmail.service.MailDeleteServiceImplTest
-------------------------------------------------------------------------------
Tests run: 6, Failures: 6, Errors: 0, Skipped: 0, Time elapsed: 0.009 s <<< FAILURE! -- in kr.or.ddit.gmail.service.MailDeleteServiceImplTest
kr.or.ddit.gmail.service.MailDeleteServiceImplTest.testCreateDeleteMail -- Time elapsed: 0.004 s <<< FAILURE!
org.opentest4j.AssertionFailedError: Not yet implemented
	at org.junit.jupiter.api.AssertionUtils.fail(AssertionUtils.java:38)
	at org.junit.jupiter.api.Assertions.fail(Assertions.java:138)
	at kr.or.ddit.gmail.service.MailDeleteServiceImplTest.testCreateDeleteMail(MailDeleteServiceImplTest.java:31)
	at java.base/java.lang.reflect.Method.invoke(Method.java:568)
	at java.base/java.util.ArrayList.forEach(ArrayList.java:1511)
	at java.base/java.util.ArrayList.forEach(ArrayList.java:1511)

kr.or.ddit.gmail.service.MailDeleteServiceImplTest.testReadLastApiCallTime -- Time elapsed: 0.002 s <<< FAILURE!
org.opentest4j.AssertionFailedError: Not yet implemented
	at org.junit.jupiter.api.AssertionUtils.fail(AssertionUtils.java:38)
	at org.junit.jupiter.api.Assertions.fail(Assertions.java:138)
	at kr.or.ddit.gmail.service.MailDeleteServiceImplTest.testReadLastApiCallTime(MailDeleteServiceImplTest.java:11)
	at java.base/java.lang.reflect.Method.invoke(Method.java:568)
	at java.base/java.util.ArrayList.forEach(ArrayList.java:1511)
	at java.base/java.util.ArrayList.forEach(ArrayList.java:1511)

kr.or.ddit.gmail.service.MailDeleteServiceImplTest.testDeleteDeleteMail -- Time elapsed: 0 s <<< FAILURE!
org.opentest4j.AssertionFailedError: Not yet implemented
	at org.junit.jupiter.api.AssertionUtils.fail(AssertionUtils.java:38)
	at org.junit.jupiter.api.Assertions.fail(Assertions.java:138)
	at kr.or.ddit.gmail.service.MailDeleteServiceImplTest.testDeleteDeleteMail(MailDeleteServiceImplTest.java:36)
	at java.base/java.lang.reflect.Method.invoke(Method.java:568)
	at java.base/java.util.ArrayList.forEach(ArrayList.java:1511)
	at java.base/java.util.ArrayList.forEach(ArrayList.java:1511)

kr.or.ddit.gmail.service.MailDeleteServiceImplTest.testReadDeleteMailList -- Time elapsed: 0 s <<< FAILURE!
org.opentest4j.AssertionFailedError: Not yet implemented
	at org.junit.jupiter.api.AssertionUtils.fail(AssertionUtils.java:38)
	at org.junit.jupiter.api.Assertions.fail(Assertions.java:138)
	at kr.or.ddit.gmail.service.MailDeleteServiceImplTest.testReadDeleteMailList(MailDeleteServiceImplTest.java:16)
	at java.base/java.lang.reflect.Method.invoke(Method.java:568)
	at java.base/java.util.ArrayList.forEach(ArrayList.java:1511)
	at java.base/java.util.ArrayList.forEach(ArrayList.java:1511)

kr.or.ddit.gmail.service.MailDeleteServiceImplTest.testReadDeleteMailDetail -- Time elapsed: 0.001 s <<< FAILURE!
org.opentest4j.AssertionFailedError: Not yet implemented
	at org.junit.jupiter.api.AssertionUtils.fail(AssertionUtils.java:38)
	at org.junit.jupiter.api.Assertions.fail(Assertions.java:138)
	at kr.or.ddit.gmail.service.MailDeleteServiceImplTest.testReadDeleteMailDetail(MailDeleteServiceImplTest.java:21)
	at java.base/java.lang.reflect.Method.invoke(Method.java:568)
	at java.base/java.util.ArrayList.forEach(ArrayList.java:1511)
	at java.base/java.util.ArrayList.forEach(ArrayList.java:1511)

kr.or.ddit.gmail.service.MailDeleteServiceImplTest.testReadDeleteMailExist -- Time elapsed: 0 s <<< FAILURE!
org.opentest4j.AssertionFailedError: Not yet implemented
	at org.junit.jupiter.api.AssertionUtils.fail(AssertionUtils.java:38)
	at org.junit.jupiter.api.Assertions.fail(Assertions.java:138)
	at kr.or.ddit.gmail.service.MailDeleteServiceImplTest.testReadDeleteMailExist(MailDeleteServiceImplTest.java:26)
	at java.base/java.lang.reflect.Method.invoke(Method.java:568)
	at java.base/java.util.ArrayList.forEach(ArrayList.java:1511)
	at java.base/java.util.ArrayList.forEach(ArrayList.java:1511)

