-------------------------------------------------------------------------------
Test set: kr.or.ddit.gmail.service.MailAttachmentServiceImplTest
-------------------------------------------------------------------------------
Tests run: 5, Failures: 0, Errors: 4, Skipped: 0, Time elapsed: 0.013 s <<< FAILURE! -- in kr.or.ddit.gmail.service.MailAttachmentServiceImplTest
kr.or.ddit.gmail.service.MailAttachmentServiceImplTest.testReadAttachmentDetail -- Time elapsed: 0.010 s <<< ERROR!
java.lang.NullPointerException: Cannot invoke "kr.or.ddit.gmail.service.MailAttachmentService.readAttachmentList(String)" because "this.service" is null
	at kr.or.ddit.gmail.service.MailAttachmentServiceImplTest.testReadAttachmentDetail(MailAttachmentServiceImplTest.java:35)
	at java.base/java.lang.reflect.Method.invoke(Method.java:568)
	at java.base/java.util.ArrayList.forEach(ArrayList.java:1511)
	at java.base/java.util.ArrayList.forEach(ArrayList.java:1511)

kr.or.ddit.gmail.service.MailAttachmentServiceImplTest.testDeleteMailAttachment -- Time elapsed: 0.001 s <<< ERROR!
java.lang.NullPointerException: Cannot invoke "kr.or.ddit.gmail.service.MailAttachmentService.deleteMailAttachment(String)" because "this.service" is null
	at kr.or.ddit.gmail.service.MailAttachmentServiceImplTest.testDeleteMailAttachment(MailAttachmentServiceImplTest.java:57)
	at java.base/java.lang.reflect.Method.invoke(Method.java:568)
	at java.base/java.util.ArrayList.forEach(ArrayList.java:1511)
	at java.base/java.util.ArrayList.forEach(ArrayList.java:1511)

kr.or.ddit.gmail.service.MailAttachmentServiceImplTest.testReadAttachmentExist -- Time elapsed: 0 s <<< ERROR!
java.lang.NullPointerException: Cannot invoke "kr.or.ddit.gmail.service.MailAttachmentService.readAttachmentList(String)" because "this.service" is null
	at kr.or.ddit.gmail.service.MailAttachmentServiceImplTest.testReadAttachmentExist(MailAttachmentServiceImplTest.java:24)
	at java.base/java.lang.reflect.Method.invoke(Method.java:568)
	at java.base/java.util.ArrayList.forEach(ArrayList.java:1511)
	at java.base/java.util.ArrayList.forEach(ArrayList.java:1511)

kr.or.ddit.gmail.service.MailAttachmentServiceImplTest.testReadAttachmentList -- Time elapsed: 0 s <<< ERROR!
java.lang.NullPointerException: Cannot invoke "kr.or.ddit.gmail.service.MailAttachmentService.readAttachmentList(String)" because "this.service" is null
	at kr.or.ddit.gmail.service.MailAttachmentServiceImplTest.testReadAttachmentList(MailAttachmentServiceImplTest.java:19)
	at java.base/java.lang.reflect.Method.invoke(Method.java:568)
	at java.base/java.util.ArrayList.forEach(ArrayList.java:1511)
	at java.base/java.util.ArrayList.forEach(ArrayList.java:1511)

