-------------------------------------------------------------------------------
Test set: kr.or.ddit.gmail.service.MailSendServiceImplTest
-------------------------------------------------------------------------------
Tests run: 5, Failures: 5, Errors: 0, Skipped: 0, Time elapsed: 0.004 s <<< FAILURE! -- in kr.or.ddit.gmail.service.MailSendServiceImplTest
kr.or.ddit.gmail.service.MailSendServiceImplTest.testSentToSendDTO -- Time elapsed: 0.001 s <<< FAILURE!
org.opentest4j.AssertionFailedError: Not yet implemented
	at org.junit.jupiter.api.AssertionUtils.fail(AssertionUtils.java:38)
	at org.junit.jupiter.api.Assertions.fail(Assertions.java:138)
	at kr.or.ddit.gmail.service.MailSendServiceImplTest.testSentToSendDTO(MailSendServiceImplTest.java:11)
	at java.base/java.lang.reflect.Method.invoke(Method.java:568)
	at java.base/java.util.ArrayList.forEach(ArrayList.java:1511)
	at java.base/java.util.ArrayList.forEach(ArrayList.java:1511)

kr.or.ddit.gmail.service.MailSendServiceImplTest.testReplyToImportant -- Time elapsed: 0 s <<< FAILURE!
org.opentest4j.AssertionFailedError: Not yet implemented
	at org.junit.jupiter.api.AssertionUtils.fail(AssertionUtils.java:38)
	at org.junit.jupiter.api.Assertions.fail(Assertions.java:138)
	at kr.or.ddit.gmail.service.MailSendServiceImplTest.testReplyToImportant(MailSendServiceImplTest.java:31)
	at java.base/java.lang.reflect.Method.invoke(Method.java:568)
	at java.base/java.util.ArrayList.forEach(ArrayList.java:1511)
	at java.base/java.util.ArrayList.forEach(ArrayList.java:1511)

kr.or.ddit.gmail.service.MailSendServiceImplTest.testImportantToSendDTO -- Time elapsed: 0 s <<< FAILURE!
org.opentest4j.AssertionFailedError: Not yet implemented
	at org.junit.jupiter.api.AssertionUtils.fail(AssertionUtils.java:38)
	at org.junit.jupiter.api.Assertions.fail(Assertions.java:138)
	at kr.or.ddit.gmail.service.MailSendServiceImplTest.testImportantToSendDTO(MailSendServiceImplTest.java:21)
	at java.base/java.lang.reflect.Method.invoke(Method.java:568)
	at java.base/java.util.ArrayList.forEach(ArrayList.java:1511)
	at java.base/java.util.ArrayList.forEach(ArrayList.java:1511)

kr.or.ddit.gmail.service.MailSendServiceImplTest.testReplyToReceived -- Time elapsed: 0 s <<< FAILURE!
org.opentest4j.AssertionFailedError: Not yet implemented
	at org.junit.jupiter.api.AssertionUtils.fail(AssertionUtils.java:38)
	at org.junit.jupiter.api.Assertions.fail(Assertions.java:138)
	at kr.or.ddit.gmail.service.MailSendServiceImplTest.testReplyToReceived(MailSendServiceImplTest.java:26)
	at java.base/java.lang.reflect.Method.invoke(Method.java:568)
	at java.base/java.util.ArrayList.forEach(ArrayList.java:1511)
	at java.base/java.util.ArrayList.forEach(ArrayList.java:1511)

kr.or.ddit.gmail.service.MailSendServiceImplTest.testReceivedToSendDTO -- Time elapsed: 0.001 s <<< FAILURE!
org.opentest4j.AssertionFailedError: Not yet implemented
	at org.junit.jupiter.api.AssertionUtils.fail(AssertionUtils.java:38)
	at org.junit.jupiter.api.Assertions.fail(Assertions.java:138)
	at kr.or.ddit.gmail.service.MailSendServiceImplTest.testReceivedToSendDTO(MailSendServiceImplTest.java:16)
	at java.base/java.lang.reflect.Method.invoke(Method.java:568)
	at java.base/java.util.ArrayList.forEach(ArrayList.java:1511)
	at java.base/java.util.ArrayList.forEach(ArrayList.java:1511)

