-------------------------------------------------------------------------------
Test set: kr.or.ddit.gmail.service.MailImportantServiceImplTest
-------------------------------------------------------------------------------
Tests run: 6, Failures: 6, Errors: 0, Skipped: 0, Time elapsed: 0.005 s <<< FAILURE! -- in kr.or.ddit.gmail.service.MailImportantServiceImplTest
kr.or.ddit.gmail.service.MailImportantServiceImplTest.testDeleteImportantMail -- Time elapsed: 0.001 s <<< FAILURE!
org.opentest4j.AssertionFailedError: Not yet implemented
	at org.junit.jupiter.api.AssertionUtils.fail(AssertionUtils.java:38)
	at org.junit.jupiter.api.Assertions.fail(Assertions.java:138)
	at kr.or.ddit.gmail.service.MailImportantServiceImplTest.testDeleteImportantMail(MailImportantServiceImplTest.java:36)
	at java.base/java.lang.reflect.Method.invoke(Method.java:568)
	at java.base/java.util.ArrayList.forEach(ArrayList.java:1511)
	at java.base/java.util.ArrayList.forEach(ArrayList.java:1511)

kr.or.ddit.gmail.service.MailImportantServiceImplTest.testReadImportantMailExist -- Time elapsed: 0 s <<< FAILURE!
org.opentest4j.AssertionFailedError: Not yet implemented
	at org.junit.jupiter.api.AssertionUtils.fail(AssertionUtils.java:38)
	at org.junit.jupiter.api.Assertions.fail(Assertions.java:138)
	at kr.or.ddit.gmail.service.MailImportantServiceImplTest.testReadImportantMailExist(MailImportantServiceImplTest.java:26)
	at java.base/java.lang.reflect.Method.invoke(Method.java:568)
	at java.base/java.util.ArrayList.forEach(ArrayList.java:1511)
	at java.base/java.util.ArrayList.forEach(ArrayList.java:1511)

kr.or.ddit.gmail.service.MailImportantServiceImplTest.testReadLastApiCallTime -- Time elapsed: 0 s <<< FAILURE!
org.opentest4j.AssertionFailedError: Not yet implemented
	at org.junit.jupiter.api.AssertionUtils.fail(AssertionUtils.java:38)
	at org.junit.jupiter.api.Assertions.fail(Assertions.java:138)
	at kr.or.ddit.gmail.service.MailImportantServiceImplTest.testReadLastApiCallTime(MailImportantServiceImplTest.java:11)
	at java.base/java.lang.reflect.Method.invoke(Method.java:568)
	at java.base/java.util.ArrayList.forEach(ArrayList.java:1511)
	at java.base/java.util.ArrayList.forEach(ArrayList.java:1511)

kr.or.ddit.gmail.service.MailImportantServiceImplTest.testCreateImportantMail -- Time elapsed: 0 s <<< FAILURE!
org.opentest4j.AssertionFailedError: Not yet implemented
	at org.junit.jupiter.api.AssertionUtils.fail(AssertionUtils.java:38)
	at org.junit.jupiter.api.Assertions.fail(Assertions.java:138)
	at kr.or.ddit.gmail.service.MailImportantServiceImplTest.testCreateImportantMail(MailImportantServiceImplTest.java:31)
	at java.base/java.lang.reflect.Method.invoke(Method.java:568)
	at java.base/java.util.ArrayList.forEach(ArrayList.java:1511)
	at java.base/java.util.ArrayList.forEach(ArrayList.java:1511)

kr.or.ddit.gmail.service.MailImportantServiceImplTest.testReadImportantMailList -- Time elapsed: 0 s <<< FAILURE!
org.opentest4j.AssertionFailedError: Not yet implemented
	at org.junit.jupiter.api.AssertionUtils.fail(AssertionUtils.java:38)
	at org.junit.jupiter.api.Assertions.fail(Assertions.java:138)
	at kr.or.ddit.gmail.service.MailImportantServiceImplTest.testReadImportantMailList(MailImportantServiceImplTest.java:16)
	at java.base/java.lang.reflect.Method.invoke(Method.java:568)
	at java.base/java.util.ArrayList.forEach(ArrayList.java:1511)
	at java.base/java.util.ArrayList.forEach(ArrayList.java:1511)

kr.or.ddit.gmail.service.MailImportantServiceImplTest.testReadImportantMailDetail -- Time elapsed: 0 s <<< FAILURE!
org.opentest4j.AssertionFailedError: Not yet implemented
	at org.junit.jupiter.api.AssertionUtils.fail(AssertionUtils.java:38)
	at org.junit.jupiter.api.Assertions.fail(Assertions.java:138)
	at kr.or.ddit.gmail.service.MailImportantServiceImplTest.testReadImportantMailDetail(MailImportantServiceImplTest.java:21)
	at java.base/java.lang.reflect.Method.invoke(Method.java:568)
	at java.base/java.util.ArrayList.forEach(ArrayList.java:1511)
	at java.base/java.util.ArrayList.forEach(ArrayList.java:1511)

